{"message":"Could not get the genres.","stack":"Error: Could not get the genres.\n    at D:\\Projects\\React\\vidly-backend\\Route\\genres.js:11:11\n    at newFn (D:\\Projects\\React\\vidly-backend\\node_modules\\express-async-errors\\index.js:16:20)\n    at Layer.handle [as handle_request] (D:\\Projects\\React\\vidly-backend\\node_modules\\express\\lib\\router\\layer.js:95:5)\n    at next (D:\\Projects\\React\\vidly-backend\\node_modules\\express\\lib\\router\\route.js:137:13)\n    at Route.dispatch (D:\\Projects\\React\\vidly-backend\\node_modules\\express\\lib\\router\\route.js:112:3)\n    at newFn (D:\\Projects\\React\\vidly-backend\\node_modules\\express-async-errors\\index.js:16:20)\n    at Layer.handle [as handle_request] (D:\\Projects\\React\\vidly-backend\\node_modules\\express\\lib\\router\\layer.js:95:5)\n    at D:\\Projects\\React\\vidly-backend\\node_modules\\express\\lib\\router\\index.js:281:22\n    at Function.process_params (D:\\Projects\\React\\vidly-backend\\node_modules\\express\\lib\\router\\index.js:335:12)\n    at next (D:\\Projects\\React\\vidly-backend\\node_modules\\express\\lib\\router\\index.js:275:10)\n    at Function.handle (D:\\Projects\\React\\vidly-backend\\node_modules\\express\\lib\\router\\index.js:174:3)\n    at router (D:\\Projects\\React\\vidly-backend\\node_modules\\express\\lib\\router\\index.js:47:12)\n    at newFn (D:\\Projects\\React\\vidly-backend\\node_modules\\express-async-errors\\index.js:16:20)\n    at Layer.handle [as handle_request] (D:\\Projects\\React\\vidly-backend\\node_modules\\express\\lib\\router\\layer.js:95:5)\n    at trim_prefix (D:\\Projects\\React\\vidly-backend\\node_modules\\express\\lib\\router\\index.js:317:13)\n    at D:\\Projects\\React\\vidly-backend\\node_modules\\express\\lib\\router\\index.js:284:7","level":"error","timestamp":"2021-06-13T04:07:06.032Z"}
{"level":"info","message":"listening on port 3000","timestamp":"2021-06-27T06:26:23.436Z"}
{"level":"info","message":"Connect To mongodb://localhost/vidly...","timestamp":"2021-06-27T06:26:25.675Z"}
{"level":"info","message":"listening on port 3000","timestamp":"2021-06-27T07:08:53.285Z"}
{"level":"info","message":"listening on port 3000","timestamp":"2021-06-27T07:12:12.179Z"}
{"level":"info","message":"listening on port 3000","timestamp":"2021-06-27T07:12:58.193Z"}
{"level":"info","message":"Connect To mongodb://localhost/vidly...","timestamp":"2021-06-27T07:13:00.429Z"}
{"level":"info","message":"listening on port 3000","timestamp":"2021-06-27T07:13:21.715Z"}
{"level":"info","message":"listening on port 3000","timestamp":"2021-06-27T07:16:44.446Z"}
{"level":"info","message":"Connect To mongodb://localhost/vidly_tests...","timestamp":"2021-06-27T07:16:46.535Z"}
{"level":"info","message":"listening on port 3000","timestamp":"2021-06-27T07:18:27.601Z"}
{"level":"info","message":"listening on port 3000","timestamp":"2021-06-27T07:23:00.199Z"}
{"level":"info","message":"Connect To mongodb://localhost/vidly_tests...","timestamp":"2021-06-27T07:23:02.272Z"}
{"level":"info","message":"listening on port 3000","timestamp":"2021-06-27T07:23:19.739Z"}
{"level":"info","message":"listening on port 3000","timestamp":"2021-06-27T07:24:52.930Z"}
{"level":"info","message":"listening on port 3000","timestamp":"2021-06-27T07:25:11.056Z"}
{"level":"info","message":"listening on port 3000","timestamp":"2021-06-27T07:25:33.060Z"}
{"level":"info","message":"listening on port 3000","timestamp":"2021-06-27T07:26:36.054Z"}
{"level":"info","message":"Connect To mongodb://localhost/vidly_tests...","timestamp":"2021-06-27T07:26:38.130Z"}
{"level":"info","message":"listening on port 3000","timestamp":"2021-06-27T07:32:47.286Z"}
{"level":"info","message":"Connect To mongodb://localhost/vidly_tests...","timestamp":"2021-06-27T07:32:49.375Z"}
{"level":"info","message":"listening on port 3000","timestamp":"2021-06-27T07:39:37.690Z"}
{"level":"info","message":"Connect To mongodb://localhost/vidly_tests...","timestamp":"2021-06-27T07:39:39.762Z"}
{"level":"info","message":"listening on port 3000","timestamp":"2021-06-27T07:39:43.800Z"}
{"level":"info","message":"Connect To mongodb://localhost/vidly_tests...","timestamp":"2021-06-27T07:39:45.891Z"}
{"level":"info","message":"listening on port 3000","timestamp":"2021-06-27T07:39:49.404Z"}
{"level":"info","message":"Connect To mongodb://localhost/vidly_tests...","timestamp":"2021-06-27T07:39:51.497Z"}
{"level":"info","message":"listening on port 3000","timestamp":"2021-06-27T07:46:20.128Z"}
{"level":"info","message":"Connect To mongodb://localhost/vidly_tests...","timestamp":"2021-06-27T07:46:22.232Z"}
{"level":"info","message":"listening on port 3000","timestamp":"2021-06-27T07:53:31.494Z"}
{"level":"info","message":"Connect To mongodb://localhost/vidly_tests...","timestamp":"2021-06-27T07:53:33.592Z"}
{"level":"info","message":"listening on port 3000","timestamp":"2021-06-27T07:54:01.462Z"}
{"level":"info","message":"Connect To mongodb://localhost/vidly_tests...","timestamp":"2021-06-27T07:54:03.548Z"}
{"level":"info","message":"listening on port 3000","timestamp":"2021-06-27T07:54:16.375Z"}
{"level":"info","message":"Connect To mongodb://localhost/vidly_tests...","timestamp":"2021-06-27T07:54:18.470Z"}
{"level":"info","message":"listening on port 3000","timestamp":"2021-06-27T07:55:02.517Z"}
{"level":"info","message":"Connect To mongodb://localhost/vidly_tests...","timestamp":"2021-06-27T07:55:04.613Z"}
{"level":"info","message":"listening on port 3000","timestamp":"2021-06-27T07:55:15.330Z"}
{"level":"info","message":"Connect To mongodb://localhost/vidly_tests...","timestamp":"2021-06-27T07:55:17.418Z"}
{"level":"info","message":"listening on port 3000","timestamp":"2021-06-27T07:55:24.042Z"}
{"level":"info","message":"Connect To mongodb://localhost/vidly_tests...","timestamp":"2021-06-27T07:55:26.110Z"}
{"level":"info","message":"listening on port 3000","timestamp":"2021-06-27T07:55:44.477Z"}
{"level":"info","message":"Connect To mongodb://localhost/vidly_tests...","timestamp":"2021-06-27T07:55:46.565Z"}
{"level":"info","message":"listening on port 3000","timestamp":"2021-06-27T07:56:10.242Z"}
{"level":"info","message":"Connect To mongodb://localhost/vidly_tests...","timestamp":"2021-06-27T07:56:12.327Z"}
{"level":"info","message":"listening on port 3000","timestamp":"2021-06-27T07:56:18.438Z"}
{"level":"info","message":"Connect To mongodb://localhost/vidly_tests...","timestamp":"2021-06-27T07:56:20.517Z"}
{"level":"info","message":"listening on port 3000","timestamp":"2021-06-27T07:56:29.764Z"}
{"level":"info","message":"Connect To mongodb://localhost/vidly_tests...","timestamp":"2021-06-27T07:56:31.856Z"}
{"level":"info","message":"listening on port 3000","timestamp":"2021-06-27T07:57:25.322Z"}
{"level":"info","message":"Connect To mongodb://localhost/vidly_tests...","timestamp":"2021-06-27T07:57:27.398Z"}
{"level":"info","message":"listening on port 3000","timestamp":"2021-07-11T04:38:10.936Z"}
{"level":"info","message":"Connect To mongodb://localhost/vidly_tests...","timestamp":"2021-07-11T04:38:13.072Z"}
{"level":"info","message":"listening on port 3000","timestamp":"2021-07-11T05:28:24.672Z"}
{"level":"info","message":"Connect To mongodb://localhost/vidly_tests...","timestamp":"2021-07-11T05:28:26.773Z"}
{"level":"info","message":"listening on port 3000","timestamp":"2021-07-11T05:28:34.128Z"}
{"level":"info","message":"Connect To mongodb://localhost/vidly_tests...","timestamp":"2021-07-11T05:28:36.232Z"}
{"level":"info","message":"listening on port 3000","timestamp":"2021-07-11T05:28:42.219Z"}
{"level":"info","message":"Connect To mongodb://localhost/vidly_tests...","timestamp":"2021-07-11T05:28:44.307Z"}
{"level":"info","message":"listening on port 3000","timestamp":"2021-07-11T05:28:50.535Z"}
{"level":"info","message":"Connect To mongodb://localhost/vidly_tests...","timestamp":"2021-07-11T05:28:52.623Z"}
{"level":"info","message":"listening on port 3000","timestamp":"2021-07-11T05:28:58.527Z"}
{"level":"info","message":"Connect To mongodb://localhost/vidly_tests...","timestamp":"2021-07-11T05:29:00.633Z"}
{"level":"info","message":"listening on port 3000","timestamp":"2021-07-11T05:29:07.150Z"}
{"level":"info","message":"Connect To mongodb://localhost/vidly_tests...","timestamp":"2021-07-11T05:29:09.253Z"}
{"level":"info","message":"listening on port 3000","timestamp":"2021-07-11T05:29:17.392Z"}
{"level":"info","message":"Connect To mongodb://localhost/vidly_tests...","timestamp":"2021-07-11T05:29:19.493Z"}
{"level":"info","message":"listening on port 3000","timestamp":"2021-07-11T05:33:09.240Z"}
{"level":"info","message":"Connect To mongodb://localhost/vidly_tests...","timestamp":"2021-07-11T05:33:11.324Z"}
{"level":"info","message":"listening on port 3000","timestamp":"2021-07-11T05:33:20.476Z"}
{"level":"info","message":"Connect To mongodb://localhost/vidly_tests...","timestamp":"2021-07-11T05:33:22.530Z"}
{"level":"info","message":"listening on port 3000","timestamp":"2021-07-11T05:33:31.859Z"}
{"level":"info","message":"Connect To mongodb://localhost/vidly_tests...","timestamp":"2021-07-11T05:33:33.967Z"}
{"level":"info","message":"listening on port 3000","timestamp":"2021-07-11T05:33:40.357Z"}
{"level":"info","message":"Connect To mongodb://localhost/vidly_tests...","timestamp":"2021-07-11T05:33:42.460Z"}
{"level":"info","message":"listening on port 3000","timestamp":"2021-07-11T05:33:50.136Z"}
{"level":"info","message":"Connect To mongodb://localhost/vidly_tests...","timestamp":"2021-07-11T05:33:52.205Z"}
{"level":"info","message":"listening on port 3000","timestamp":"2021-07-11T05:33:58.483Z"}
{"level":"info","message":"Connect To mongodb://localhost/vidly_tests...","timestamp":"2021-07-11T05:34:00.596Z"}
{"level":"info","message":"listening on port 3000","timestamp":"2021-07-11T05:34:09.448Z"}
{"level":"info","message":"Connect To mongodb://localhost/vidly_tests...","timestamp":"2021-07-11T05:34:11.537Z"}
{"level":"info","message":"listening on port 3000","timestamp":"2021-07-11T05:34:17.161Z"}
{"level":"info","message":"Connect To mongodb://localhost/vidly_tests...","timestamp":"2021-07-11T05:34:19.260Z"}
{"level":"info","message":"listening on port 3000","timestamp":"2021-07-11T05:34:25.232Z"}
{"level":"info","message":"Connect To mongodb://localhost/vidly_tests...","timestamp":"2021-07-11T05:34:27.335Z"}
{"level":"info","message":"listening on port 3000","timestamp":"2021-07-11T05:34:35.640Z"}
{"level":"info","message":"Connect To mongodb://localhost/vidly_tests...","timestamp":"2021-07-11T05:34:37.752Z"}
{"level":"info","message":"listening on port 3000","timestamp":"2021-07-11T05:34:47.205Z"}
{"level":"info","message":"Connect To mongodb://localhost/vidly_tests...","timestamp":"2021-07-11T05:34:49.311Z"}
{"level":"info","message":"listening on port 3000","timestamp":"2021-07-11T05:34:58.202Z"}
{"level":"info","message":"Connect To mongodb://localhost/vidly_tests...","timestamp":"2021-07-11T05:35:00.274Z"}
{"level":"info","message":"listening on port 3000","timestamp":"2021-07-11T05:35:07.287Z"}
{"level":"info","message":"Connect To mongodb://localhost/vidly_tests...","timestamp":"2021-07-11T05:35:09.383Z"}
{"level":"info","message":"listening on port 3000","timestamp":"2021-07-11T05:35:31.375Z"}
{"level":"info","message":"Connect To mongodb://localhost/vidly_tests...","timestamp":"2021-07-11T05:35:33.475Z"}
{"level":"info","message":"listening on port 3000","timestamp":"2021-07-11T05:35:40.072Z"}
{"level":"info","message":"Connect To mongodb://localhost/vidly_tests...","timestamp":"2021-07-11T05:35:42.185Z"}
{"level":"info","message":"listening on port 3000","timestamp":"2021-07-11T05:35:53.101Z"}
{"level":"info","message":"Connect To mongodb://localhost/vidly_tests...","timestamp":"2021-07-11T05:35:55.213Z"}
{"level":"info","message":"listening on port 3000","timestamp":"2021-07-11T05:36:02.021Z"}
{"level":"info","message":"Connect To mongodb://localhost/vidly_tests...","timestamp":"2021-07-11T05:36:04.136Z"}
{"level":"info","message":"listening on port 3000","timestamp":"2021-07-11T05:36:19.111Z"}
{"level":"info","message":"Connect To mongodb://localhost/vidly_tests...","timestamp":"2021-07-11T05:36:21.212Z"}
{"level":"info","message":"listening on port 3000","timestamp":"2021-07-11T05:37:33.342Z"}
{"level":"info","message":"Connect To mongodb://localhost/vidly_tests...","timestamp":"2021-07-11T05:37:35.409Z"}
{"level":"info","message":"listening on port 3000","timestamp":"2021-07-11T05:37:41.462Z"}
{"level":"info","message":"Connect To mongodb://localhost/vidly_tests...","timestamp":"2021-07-11T05:37:43.566Z"}
{"level":"info","message":"listening on port 3000","timestamp":"2021-07-11T05:37:55.388Z"}
{"level":"info","message":"Connect To mongodb://localhost/vidly_tests...","timestamp":"2021-07-11T05:37:57.492Z"}
{"level":"info","message":"listening on port 3000","timestamp":"2021-07-11T05:38:04.126Z"}
{"level":"info","message":"Connect To mongodb://localhost/vidly_tests...","timestamp":"2021-07-11T05:38:06.234Z"}
{"level":"info","message":"listening on port 3000","timestamp":"2021-07-11T05:38:44.217Z"}
{"level":"info","message":"Connect To mongodb://localhost/vidly_tests...","timestamp":"2021-07-11T05:38:46.311Z"}
{"level":"info","message":"listening on port 3000","timestamp":"2021-07-11T05:39:22.441Z"}
{"level":"info","message":"Connect To mongodb://localhost/vidly_tests...","timestamp":"2021-07-11T05:39:24.523Z"}
{"level":"info","message":"listening on port 3000","timestamp":"2021-07-11T05:39:32.335Z"}
{"level":"info","message":"Connect To mongodb://localhost/vidly_tests...","timestamp":"2021-07-11T05:39:34.439Z"}
{"level":"info","message":"listening on port 3000","timestamp":"2021-07-11T05:39:42.524Z"}
{"level":"info","message":"Connect To mongodb://localhost/vidly_tests...","timestamp":"2021-07-11T05:39:44.630Z"}
{"level":"info","message":"listening on port 3000","timestamp":"2021-07-11T05:40:06.902Z"}
{"level":"info","message":"Connect To mongodb://localhost/vidly_tests...","timestamp":"2021-07-11T05:40:08.971Z"}
{"level":"info","message":"listening on port 3000","timestamp":"2021-07-11T05:40:18.352Z"}
{"level":"info","message":"Connect To mongodb://localhost/vidly_tests...","timestamp":"2021-07-11T05:40:20.457Z"}
{"level":"info","message":"listening on port 3000","timestamp":"2021-07-11T05:40:28.512Z"}
{"level":"info","message":"Connect To mongodb://localhost/vidly_tests...","timestamp":"2021-07-11T05:40:30.624Z"}
{"level":"info","message":"listening on port 3000","timestamp":"2021-07-11T05:41:37.040Z"}
{"level":"info","message":"Connect To mongodb://localhost/vidly_tests...","timestamp":"2021-07-11T05:41:39.134Z"}
{"level":"info","message":"listening on port 3000","timestamp":"2021-07-11T05:47:11.328Z"}
{"level":"info","message":"Connect To mongodb://localhost/vidly_tests...","timestamp":"2021-07-11T05:47:13.440Z"}
{"level":"info","message":"listening on port 3000","timestamp":"2021-07-11T05:49:22.363Z"}
{"level":"info","message":"Connect To mongodb://localhost/vidly_tests...","timestamp":"2021-07-11T05:49:24.454Z"}
{"level":"info","message":"listening on port 3000","timestamp":"2021-07-11T05:49:31.257Z"}
{"level":"info","message":"Connect To mongodb://localhost/vidly_tests...","timestamp":"2021-07-11T05:49:33.369Z"}
{"level":"info","message":"listening on port 3000","timestamp":"2021-07-11T05:50:38.020Z"}
{"level":"info","message":"Connect To mongodb://localhost/vidly_tests...","timestamp":"2021-07-11T05:50:40.107Z"}
{"level":"info","message":"listening on port 3000","timestamp":"2021-07-11T05:50:47.592Z"}
{"level":"info","message":"Connect To mongodb://localhost/vidly_tests...","timestamp":"2021-07-11T05:50:49.690Z"}
{"level":"info","message":"listening on port 3000","timestamp":"2021-07-11T05:51:37.456Z"}
{"level":"info","message":"Connect To mongodb://localhost/vidly_tests...","timestamp":"2021-07-11T05:51:39.563Z"}
{"level":"info","message":"listening on port 3000","timestamp":"2021-07-11T05:52:47.720Z"}
{"level":"info","message":"Connect To mongodb://localhost/vidly_tests...","timestamp":"2021-07-11T05:52:49.822Z"}
{"level":"info","message":"listening on port 3000","timestamp":"2021-07-11T05:53:47.613Z"}
{"level":"info","message":"Connect To mongodb://localhost/vidly_tests...","timestamp":"2021-07-11T05:53:49.732Z"}
{"level":"info","message":"listening on port 3000","timestamp":"2021-07-11T05:55:04.738Z"}
{"level":"info","message":"Connect To mongodb://localhost/vidly_tests...","timestamp":"2021-07-11T05:55:06.836Z"}
{"level":"info","message":"listening on port 3000","timestamp":"2021-07-11T05:55:35.641Z"}
{"level":"info","message":"Connect To mongodb://localhost/vidly_tests...","timestamp":"2021-07-11T05:55:37.735Z"}
{"level":"info","message":"listening on port 3000","timestamp":"2021-07-11T05:56:13.377Z"}
{"level":"info","message":"Connect To mongodb://localhost/vidly_tests...","timestamp":"2021-07-11T05:56:15.501Z"}
{"level":"info","message":"listening on port 3000","timestamp":"2021-07-11T05:56:50.977Z"}
{"level":"info","message":"Connect To mongodb://localhost/vidly...","timestamp":"2021-07-11T05:56:53.041Z"}
{"level":"info","message":"listening on port 3000","timestamp":"2021-07-11T05:58:34.136Z"}
{"level":"info","message":"Connect To mongodb://localhost/vidly...","timestamp":"2021-07-11T05:58:36.232Z"}
{"level":"info","message":"listening on port 3000","timestamp":"2021-07-11T05:58:58.679Z"}
{"level":"info","message":"Connect To mongodb://localhost/vidly_tests...","timestamp":"2021-07-11T05:59:00.776Z"}
{"level":"info","message":"listening on port 3000","timestamp":"2021-07-11T05:59:54.435Z"}
{"level":"info","message":"Connect To mongodb://localhost/vidly_tests...","timestamp":"2021-07-11T05:59:56.543Z"}
{"level":"info","message":"listening on port 3000","timestamp":"2021-07-11T06:01:26.658Z"}
{"level":"info","message":"Connect To mongodb://localhost/vidly_tests...","timestamp":"2021-07-11T06:01:28.764Z"}
{"message":"mo is not defined","stack":"ReferenceError: mo is not defined\n    at D:\\Projects\\React\\vidly-backend\\Route\\genres.js:17:5\n    at newFn (D:\\Projects\\React\\vidly-backend\\node_modules\\express-async-errors\\index.js:16:20)\n    at Layer.handle [as handle_request] (D:\\Projects\\React\\vidly-backend\\node_modules\\express\\lib\\router\\layer.js:95:5)\n    at next (D:\\Projects\\React\\vidly-backend\\node_modules\\express\\lib\\router\\route.js:137:13)\n    at Route.dispatch (D:\\Projects\\React\\vidly-backend\\node_modules\\express\\lib\\router\\route.js:112:3)\n    at newFn (D:\\Projects\\React\\vidly-backend\\node_modules\\express-async-errors\\index.js:16:20)\n    at Layer.handle [as handle_request] (D:\\Projects\\React\\vidly-backend\\node_modules\\express\\lib\\router\\layer.js:95:5)\n    at D:\\Projects\\React\\vidly-backend\\node_modules\\express\\lib\\router\\index.js:281:22\n    at param (D:\\Projects\\React\\vidly-backend\\node_modules\\express\\lib\\router\\index.js:354:14)\n    at param (D:\\Projects\\React\\vidly-backend\\node_modules\\express\\lib\\router\\index.js:365:14)\n    at Function.process_params (D:\\Projects\\React\\vidly-backend\\node_modules\\express\\lib\\router\\index.js:410:3)\n    at next (D:\\Projects\\React\\vidly-backend\\node_modules\\express\\lib\\router\\index.js:275:10)\n    at Function.handle (D:\\Projects\\React\\vidly-backend\\node_modules\\express\\lib\\router\\index.js:174:3)\n    at router (D:\\Projects\\React\\vidly-backend\\node_modules\\express\\lib\\router\\index.js:47:12)\n    at newFn (D:\\Projects\\React\\vidly-backend\\node_modules\\express-async-errors\\index.js:16:20)\n    at Layer.handle [as handle_request] (D:\\Projects\\React\\vidly-backend\\node_modules\\express\\lib\\router\\layer.js:95:5)","level":"error","timestamp":"2021-07-11T06:01:30.962Z"}
{"level":"info","message":"listening on port 3000","timestamp":"2021-07-11T06:01:36.850Z"}
{"level":"info","message":"Connect To mongodb://localhost/vidly_tests...","timestamp":"2021-07-11T06:01:38.942Z"}
{"level":"info","message":"listening on port 3000","timestamp":"2021-07-11T06:01:45.249Z"}
{"level":"info","message":"Connect To mongodb://localhost/vidly_tests...","timestamp":"2021-07-11T06:01:47.306Z"}
{"level":"info","message":"listening on port 3000","timestamp":"2021-07-11T06:01:56.702Z"}
{"level":"info","message":"Connect To mongodb://localhost/vidly_tests...","timestamp":"2021-07-11T06:01:58.806Z"}
{"level":"info","message":"listening on port 3000","timestamp":"2021-07-11T06:02:25.004Z"}
{"level":"info","message":"Connect To mongodb://localhost/vidly_tests...","timestamp":"2021-07-11T06:02:27.101Z"}
{"level":"info","message":"listening on port 3000","timestamp":"2021-07-11T06:02:42.246Z"}
{"level":"info","message":"Connect To mongodb://localhost/vidly_tests...","timestamp":"2021-07-11T06:02:44.341Z"}
{"level":"info","message":"listening on port 3000","timestamp":"2021-07-11T06:03:02.865Z"}
{"level":"info","message":"Connect To mongodb://localhost/vidly_tests...","timestamp":"2021-07-11T06:03:04.980Z"}
{"level":"info","message":"listening on port 3000","timestamp":"2021-07-11T06:03:20.184Z"}
{"level":"info","message":"Connect To mongodb://localhost/vidly_tests...","timestamp":"2021-07-11T06:03:22.291Z"}
{"level":"info","message":"listening on port 3000","timestamp":"2021-07-11T06:03:56.560Z"}
{"level":"info","message":"Connect To mongodb://localhost/vidly_tests...","timestamp":"2021-07-11T06:03:58.651Z"}
{"level":"info","message":"listening on port 3000","timestamp":"2021-07-11T06:04:39.490Z"}
{"level":"info","message":"Connect To mongodb://localhost/vidly_tests...","timestamp":"2021-07-11T06:04:41.600Z"}
{"level":"info","message":"listening on port 3000","timestamp":"2021-07-11T06:04:49.612Z"}
{"level":"info","message":"Connect To mongodb://localhost/vidly_tests...","timestamp":"2021-07-11T06:04:51.724Z"}
{"level":"info","message":"listening on port 3000","timestamp":"2021-07-11T06:08:21.791Z"}
{"level":"info","message":"Connect To mongodb://localhost/vidly_tests...","timestamp":"2021-07-11T06:08:23.889Z"}
{"level":"info","message":"listening on port 3000","timestamp":"2021-07-11T09:23:24.042Z"}
{"level":"info","message":"listening on port 3000","timestamp":"2021-07-11T09:26:43.553Z"}
{"level":"info","message":"Connect To mongodb://localhost/vidly_tests...","timestamp":"2021-07-11T09:26:45.647Z"}
{"level":"info","message":"listening on port 3000","timestamp":"2021-07-11T09:27:05.177Z"}
{"level":"info","message":"Connect To mongodb://localhost/vidly_tests...","timestamp":"2021-07-11T09:27:07.255Z"}
{"level":"info","message":"listening on port 3000","timestamp":"2021-07-11T09:27:47.208Z"}
{"level":"info","message":"Connect To mongodb://localhost/vidly_tests...","timestamp":"2021-07-11T09:27:49.304Z"}
{"level":"info","message":"listening on port 3000","timestamp":"2021-07-11T09:28:44.452Z"}
{"level":"info","message":"Connect To mongodb://localhost/vidly_tests...","timestamp":"2021-07-11T09:28:46.542Z"}
{"level":"info","message":"listening on port 3000","timestamp":"2021-07-11T09:29:50.984Z"}
{"level":"info","message":"Connect To mongodb://localhost/vidly_tests...","timestamp":"2021-07-11T09:29:53.082Z"}
{"level":"info","message":"listening on port 3000","timestamp":"2021-07-11T09:31:55.421Z"}
{"level":"info","message":"Connect To mongodb://localhost/vidly_tests...","timestamp":"2021-07-11T09:31:57.505Z"}
{"level":"info","message":"listening on port 3000","timestamp":"2021-07-11T09:32:10.309Z"}
{"level":"info","message":"Connect To mongodb://localhost/vidly_tests...","timestamp":"2021-07-11T09:32:12.387Z"}
{"level":"info","message":"listening on port 3000","timestamp":"2021-07-11T09:33:31.317Z"}
{"level":"info","message":"Connect To mongodb://localhost/vidly_tests...","timestamp":"2021-07-11T09:33:33.408Z"}
{"level":"info","message":"listening on port 3000","timestamp":"2021-07-11T09:35:28.451Z"}
{"level":"info","message":"Connect To mongodb://localhost/vidly_tests...","timestamp":"2021-07-11T09:35:30.545Z"}
{"level":"info","message":"listening on port 3000","timestamp":"2021-07-11T09:35:39.055Z"}
{"level":"info","message":"Connect To mongodb://localhost/vidly_tests...","timestamp":"2021-07-11T09:35:41.147Z"}
{"level":"info","message":"listening on port 3000","timestamp":"2021-07-11T09:36:02.281Z"}
{"level":"info","message":"Connect To mongodb://localhost/vidly_tests...","timestamp":"2021-07-11T09:36:04.380Z"}
{"level":"info","message":"listening on port 3000","timestamp":"2021-07-11T09:36:12.620Z"}
{"level":"info","message":"Connect To mongodb://localhost/vidly_tests...","timestamp":"2021-07-11T09:36:14.727Z"}
{"level":"info","message":"listening on port 3000","timestamp":"2021-07-11T09:36:21.285Z"}
{"level":"info","message":"Connect To mongodb://localhost/vidly_tests...","timestamp":"2021-07-11T09:36:23.340Z"}
{"level":"info","message":"listening on port 3000","timestamp":"2021-07-11T09:36:31.336Z"}
{"level":"info","message":"Connect To mongodb://localhost/vidly_tests...","timestamp":"2021-07-11T09:36:33.423Z"}
{"level":"info","message":"listening on port 3000","timestamp":"2021-07-18T05:20:23.933Z"}
{"level":"info","message":"Connect To mongodb://localhost/vidly_tests...","timestamp":"2021-07-18T05:20:27.090Z"}
{"level":"info","message":"listening on port 3000","timestamp":"2021-07-18T05:20:52.819Z"}
{"level":"info","message":"Connect To mongodb://localhost/vidly_tests...","timestamp":"2021-07-18T05:20:54.883Z"}
{"level":"info","message":"listening on port 3000","timestamp":"2021-07-18T05:21:10.796Z"}
{"level":"info","message":"Connect To mongodb://localhost/vidly_tests...","timestamp":"2021-07-18T05:21:12.882Z"}
{"level":"info","message":"listening on port 3000","timestamp":"2021-07-18T05:21:19.725Z"}
{"level":"info","message":"Connect To mongodb://localhost/vidly_tests...","timestamp":"2021-07-18T05:21:21.769Z"}
{"level":"info","message":"listening on port 3000","timestamp":"2021-07-18T05:21:28.138Z"}
{"level":"info","message":"Connect To mongodb://localhost/vidly_tests...","timestamp":"2021-07-18T05:21:30.242Z"}
{"level":"info","message":"listening on port 3000","timestamp":"2021-07-18T05:22:00.828Z"}
{"level":"info","message":"Connect To mongodb://localhost/vidly_tests...","timestamp":"2021-07-18T05:22:02.882Z"}
{"level":"info","message":"listening on port 3000","timestamp":"2021-07-18T05:22:10.091Z"}
{"level":"info","message":"Connect To mongodb://localhost/vidly_tests...","timestamp":"2021-07-18T05:22:12.179Z"}
{"level":"info","message":"listening on port 3000","timestamp":"2021-07-18T05:22:56.021Z"}
{"level":"info","message":"Connect To mongodb://localhost/vidly_tests...","timestamp":"2021-07-18T05:22:58.119Z"}
{"level":"info","message":"listening on port 3000","timestamp":"2021-07-18T05:23:48.209Z"}
{"level":"info","message":"Connect To mongodb://localhost/vidly_tests...","timestamp":"2021-07-18T05:23:50.281Z"}
{"level":"info","message":"listening on port 3000","timestamp":"2021-07-18T05:24:35.795Z"}
{"level":"info","message":"Connect To mongodb://localhost/vidly_tests...","timestamp":"2021-07-18T05:24:37.889Z"}
{"level":"info","message":"listening on port 3000","timestamp":"2021-07-18T05:25:12.890Z"}
{"level":"info","message":"Connect To mongodb://localhost/vidly_tests...","timestamp":"2021-07-18T05:25:14.997Z"}
{"level":"info","message":"listening on port 3000","timestamp":"2021-07-18T05:26:16.353Z"}
{"level":"info","message":"Connect To mongodb://localhost/vidly_tests...","timestamp":"2021-07-18T05:26:18.440Z"}
{"level":"info","message":"listening on port 3000","timestamp":"2021-07-18T05:26:28.479Z"}
{"level":"info","message":"Connect To mongodb://localhost/vidly_tests...","timestamp":"2021-07-18T05:26:30.575Z"}
{"level":"info","message":"listening on port 3000","timestamp":"2021-07-18T05:28:16.333Z"}
{"level":"info","message":"Connect To mongodb://localhost/vidly_tests...","timestamp":"2021-07-18T05:28:18.432Z"}
{"level":"info","message":"listening on port 3000","timestamp":"2021-07-18T05:28:28.334Z"}
{"level":"info","message":"Connect To mongodb://localhost/vidly_tests...","timestamp":"2021-07-18T05:28:30.435Z"}
{"level":"info","message":"listening on port 3000","timestamp":"2021-07-18T05:29:00.096Z"}
{"level":"info","message":"Connect To mongodb://localhost/vidly_tests...","timestamp":"2021-07-18T05:29:02.195Z"}
{"level":"info","message":"listening on port 3000","timestamp":"2021-07-18T05:29:10.580Z"}
{"level":"info","message":"Connect To mongodb://localhost/vidly_tests...","timestamp":"2021-07-18T05:29:12.682Z"}
{"level":"info","message":"listening on port 3000","timestamp":"2021-07-18T05:29:28.856Z"}
{"level":"info","message":"Connect To mongodb://localhost/vidly_tests...","timestamp":"2021-07-18T05:29:30.963Z"}
{"level":"info","message":"listening on port 3000","timestamp":"2021-07-18T05:29:46.244Z"}
{"level":"info","message":"Connect To mongodb://localhost/vidly_tests...","timestamp":"2021-07-18T05:29:48.339Z"}
{"level":"info","message":"listening on port 3000","timestamp":"2021-07-18T05:29:56.035Z"}
{"level":"info","message":"Connect To mongodb://localhost/vidly_tests...","timestamp":"2021-07-18T05:29:58.131Z"}
{"level":"info","message":"listening on port 3000","timestamp":"2021-07-18T05:30:11.329Z"}
{"level":"info","message":"Connect To mongodb://localhost/vidly_tests...","timestamp":"2021-07-18T05:30:13.416Z"}
{"level":"info","message":"listening on port 3000","timestamp":"2021-07-18T05:30:54.090Z"}
{"level":"info","message":"Connect To mongodb://localhost/vidly_tests...","timestamp":"2021-07-18T05:30:56.188Z"}
{"level":"info","message":"listening on port 3000","timestamp":"2021-07-18T05:31:06.072Z"}
{"level":"info","message":"Connect To mongodb://localhost/vidly_tests...","timestamp":"2021-07-18T05:31:08.170Z"}
{"level":"info","message":"listening on port 3000","timestamp":"2021-07-18T05:31:15.075Z"}
{"level":"info","message":"Connect To mongodb://localhost/vidly_tests...","timestamp":"2021-07-18T05:31:17.169Z"}
{"level":"info","message":"listening on port 3000","timestamp":"2021-07-18T05:31:30.159Z"}
{"level":"info","message":"Connect To mongodb://localhost/vidly_tests...","timestamp":"2021-07-18T05:31:32.261Z"}
{"level":"info","message":"listening on port 3000","timestamp":"2021-07-18T05:31:40.124Z"}
{"level":"info","message":"Connect To mongodb://localhost/vidly_tests...","timestamp":"2021-07-18T05:31:42.211Z"}
{"level":"info","message":"listening on port 3000","timestamp":"2021-07-18T05:32:10.337Z"}
{"level":"info","message":"Connect To mongodb://localhost/vidly_tests...","timestamp":"2021-07-18T05:32:12.429Z"}
{"level":"info","message":"listening on port 3000","timestamp":"2021-07-18T05:32:26.622Z"}
{"level":"info","message":"Connect To mongodb://localhost/vidly_tests...","timestamp":"2021-07-18T05:32:28.710Z"}
{"level":"info","message":"listening on port 3000","timestamp":"2021-07-18T05:32:35.529Z"}
{"level":"info","message":"Connect To mongodb://localhost/vidly_tests...","timestamp":"2021-07-18T05:32:37.581Z"}
{"level":"info","message":"listening on port 3000","timestamp":"2021-07-18T05:32:43.515Z"}
{"level":"info","message":"Connect To mongodb://localhost/vidly_tests...","timestamp":"2021-07-18T05:32:45.611Z"}
{"level":"info","message":"listening on port 3000","timestamp":"2021-07-18T05:32:53.705Z"}
{"level":"info","message":"Connect To mongodb://localhost/vidly_tests...","timestamp":"2021-07-18T05:32:55.803Z"}
{"level":"info","message":"listening on port 3000","timestamp":"2021-07-18T05:33:03.670Z"}
{"level":"info","message":"Connect To mongodb://localhost/vidly_tests...","timestamp":"2021-07-18T05:33:05.761Z"}
{"level":"info","message":"listening on port 3000","timestamp":"2021-07-18T05:33:13.177Z"}
{"level":"info","message":"Connect To mongodb://localhost/vidly_tests...","timestamp":"2021-07-18T05:33:15.282Z"}
{"level":"info","message":"listening on port 3000","timestamp":"2021-07-18T05:33:22.025Z"}
{"level":"info","message":"Connect To mongodb://localhost/vidly_tests...","timestamp":"2021-07-18T05:33:24.121Z"}
{"level":"info","message":"listening on port 3000","timestamp":"2021-07-18T05:34:17.531Z"}
{"level":"info","message":"Connect To mongodb://localhost/vidly_tests...","timestamp":"2021-07-18T05:34:19.599Z"}
{"level":"info","message":"listening on port 3000","timestamp":"2021-07-18T05:34:30.123Z"}
{"level":"info","message":"Connect To mongodb://localhost/vidly_tests...","timestamp":"2021-07-18T05:34:32.229Z"}
{"level":"info","message":"listening on port 3000","timestamp":"2021-07-18T05:34:37.902Z"}
{"level":"info","message":"Connect To mongodb://localhost/vidly_tests...","timestamp":"2021-07-18T05:34:40.001Z"}
{"level":"info","message":"listening on port 3000","timestamp":"2021-07-18T05:34:48.573Z"}
{"level":"info","message":"Connect To mongodb://localhost/vidly_tests...","timestamp":"2021-07-18T05:34:50.670Z"}
{"level":"info","message":"listening on port 3000","timestamp":"2021-07-18T05:34:58.564Z"}
{"level":"info","message":"Connect To mongodb://localhost/vidly_tests...","timestamp":"2021-07-18T05:35:00.664Z"}
{"level":"info","message":"listening on port 3000","timestamp":"2021-07-18T05:35:10.680Z"}
{"level":"info","message":"Connect To mongodb://localhost/vidly_tests...","timestamp":"2021-07-18T05:35:12.791Z"}
{"level":"info","message":"listening on port 3000","timestamp":"2021-07-18T05:35:21.660Z"}
{"level":"info","message":"Connect To mongodb://localhost/vidly_tests...","timestamp":"2021-07-18T05:35:23.772Z"}
{"level":"info","message":"listening on port 3000","timestamp":"2021-07-18T05:35:37.727Z"}
{"level":"info","message":"Connect To mongodb://localhost/vidly_tests...","timestamp":"2021-07-18T05:35:39.842Z"}
{"level":"info","message":"listening on port 3000","timestamp":"2021-07-18T05:35:53.716Z"}
{"level":"info","message":"Connect To mongodb://localhost/vidly_tests...","timestamp":"2021-07-18T05:35:55.795Z"}
{"level":"info","message":"listening on port 3000","timestamp":"2021-07-18T05:42:41.550Z"}
{"level":"info","message":"Connect To mongodb://localhost/vidly_tests...","timestamp":"2021-07-18T05:42:43.636Z"}
{"level":"info","message":"listening on port 3000","timestamp":"2021-07-18T05:42:51.785Z"}
{"level":"info","message":"Connect To mongodb://localhost/vidly_tests...","timestamp":"2021-07-18T05:42:53.889Z"}
{"level":"info","message":"listening on port 3000","timestamp":"2021-07-18T05:43:55.190Z"}
{"level":"info","message":"Connect To mongodb://localhost/vidly_tests...","timestamp":"2021-07-18T05:43:57.275Z"}
{"level":"info","message":"listening on port 3000","timestamp":"2021-07-18T05:44:03.878Z"}
{"level":"info","message":"Connect To mongodb://localhost/vidly_tests...","timestamp":"2021-07-18T05:44:05.982Z"}
{"level":"info","message":"listening on port 3000","timestamp":"2021-07-18T05:44:20.593Z"}
{"level":"info","message":"Connect To mongodb://localhost/vidly_tests...","timestamp":"2021-07-18T05:44:22.707Z"}
{"level":"info","message":"listening on port 3000","timestamp":"2021-07-18T05:44:28.012Z"}
{"level":"info","message":"Connect To mongodb://localhost/vidly_tests...","timestamp":"2021-07-18T05:44:30.090Z"}
{"level":"info","message":"listening on port 3000","timestamp":"2021-07-18T05:44:47.685Z"}
{"level":"info","message":"Connect To mongodb://localhost/vidly_tests...","timestamp":"2021-07-18T05:44:49.745Z"}
{"level":"info","message":"listening on port 3000","timestamp":"2021-07-18T05:45:11.524Z"}
{"level":"info","message":"Connect To mongodb://localhost/vidly_tests...","timestamp":"2021-07-18T05:45:13.627Z"}
{"level":"info","message":"listening on port 3000","timestamp":"2021-07-18T05:45:26.126Z"}
{"level":"info","message":"Connect To mongodb://localhost/vidly_tests...","timestamp":"2021-07-18T05:45:28.230Z"}
{"level":"info","message":"listening on port 3000","timestamp":"2021-07-18T05:45:47.965Z"}
{"level":"info","message":"Connect To mongodb://localhost/vidly_tests...","timestamp":"2021-07-18T05:45:50.072Z"}
{"level":"info","message":"listening on port 3000","timestamp":"2021-07-18T05:46:02.046Z"}
{"level":"info","message":"Connect To mongodb://localhost/vidly_tests...","timestamp":"2021-07-18T05:46:04.144Z"}
{"level":"info","message":"listening on port 3000","timestamp":"2021-07-18T05:46:48.164Z"}
{"level":"info","message":"Connect To mongodb://localhost/vidly_tests...","timestamp":"2021-07-18T05:46:50.251Z"}
{"level":"info","message":"listening on port 3000","timestamp":"2021-07-18T05:46:58.330Z"}
{"level":"info","message":"Connect To mongodb://localhost/vidly_tests...","timestamp":"2021-07-18T05:47:00.448Z"}
{"level":"info","message":"listening on port 3000","timestamp":"2021-07-18T05:47:09.586Z"}
{"level":"info","message":"Connect To mongodb://localhost/vidly_tests...","timestamp":"2021-07-18T05:47:11.693Z"}
{"level":"info","message":"listening on port 3000","timestamp":"2021-07-18T05:47:17.671Z"}
{"level":"info","message":"Connect To mongodb://localhost/vidly_tests...","timestamp":"2021-07-18T05:47:19.773Z"}
{"level":"info","message":"listening on port 3000","timestamp":"2021-07-18T05:47:26.943Z"}
{"level":"info","message":"Connect To mongodb://localhost/vidly_tests...","timestamp":"2021-07-18T05:47:29.026Z"}
{"level":"info","message":"listening on port 3000","timestamp":"2021-07-18T05:47:34.528Z"}
{"level":"info","message":"Connect To mongodb://localhost/vidly_tests...","timestamp":"2021-07-18T05:47:36.632Z"}
{"level":"info","message":"listening on port 3000","timestamp":"2021-07-18T05:47:51.344Z"}
{"level":"info","message":"Connect To mongodb://localhost/vidly_tests...","timestamp":"2021-07-18T05:47:53.418Z"}
{"level":"info","message":"listening on port 3000","timestamp":"2021-07-18T05:48:00.584Z"}
{"level":"info","message":"Connect To mongodb://localhost/vidly_tests...","timestamp":"2021-07-18T05:48:02.697Z"}
{"level":"info","message":"listening on port 3000","timestamp":"2021-07-18T05:48:20.890Z"}
{"level":"info","message":"Connect To mongodb://localhost/vidly_tests...","timestamp":"2021-07-18T05:48:22.992Z"}
{"level":"info","message":"listening on port 3000","timestamp":"2021-07-18T05:52:27.036Z"}
{"level":"info","message":"Connect To mongodb://localhost/vidly_tests...","timestamp":"2021-07-18T05:52:29.110Z"}
{"level":"info","message":"listening on port 3000","timestamp":"2021-07-18T06:27:02.069Z"}
{"level":"info","message":"Connect To mongodb://localhost/vidly_tests...","timestamp":"2021-07-18T06:27:04.106Z"}
{"level":"info","message":"listening on port 3000","timestamp":"2021-07-18T06:28:13.326Z"}
{"level":"info","message":"listening on port 3000","timestamp":"2021-07-18T06:28:13.373Z"}
{"level":"info","message":"Connect To mongodb://localhost/vidly_tests...","timestamp":"2021-07-18T06:28:15.421Z"}
{"level":"info","message":"Connect To mongodb://localhost/vidly_tests...","timestamp":"2021-07-18T06:28:15.449Z"}
{"level":"info","message":"listening on port 3000","timestamp":"2021-07-18T06:32:40.599Z"}
{"level":"info","message":"listening on port 3000","timestamp":"2021-07-18T06:32:40.710Z"}
{"level":"info","message":"Connect To mongodb://localhost/vidly_tests...","timestamp":"2021-07-18T06:32:42.697Z"}
{"level":"info","message":"Connect To mongodb://localhost/vidly_tests...","timestamp":"2021-07-18T06:32:42.806Z"}
{"level":"info","message":"listening on port 3000","timestamp":"2021-07-18T06:32:50.231Z"}
{"level":"info","message":"listening on port 3000","timestamp":"2021-07-18T06:32:50.337Z"}
{"level":"info","message":"Connect To mongodb://localhost/vidly_tests...","timestamp":"2021-07-18T06:32:52.322Z"}
{"level":"info","message":"Connect To mongodb://localhost/vidly_tests...","timestamp":"2021-07-18T06:32:52.434Z"}
{"level":"info","message":"listening on port 3000","timestamp":"2021-07-18T06:36:38.925Z"}
{"level":"info","message":"Connect To mongodb://localhost/vidly...","timestamp":"2021-07-18T06:36:41.025Z"}
{"level":"info","message":"listening on port 3000","timestamp":"2021-07-18T06:37:01.835Z"}
{"level":"info","message":"listening on port 3000","timestamp":"2021-07-18T06:37:01.944Z"}
{"level":"info","message":"Connect To mongodb://localhost/vidly_tests...","timestamp":"2021-07-18T06:37:03.924Z"}
{"level":"info","message":"Connect To mongodb://localhost/vidly_tests...","timestamp":"2021-07-18T06:37:04.033Z"}
{"level":"info","message":"listening on port 3000","timestamp":"2021-07-18T06:37:57.103Z"}
{"level":"info","message":"listening on port 3000","timestamp":"2021-07-18T06:37:57.163Z"}
{"level":"info","message":"Connect To mongodb://localhost/vidly_tests...","timestamp":"2021-07-18T06:37:59.183Z"}
{"level":"info","message":"Connect To mongodb://localhost/vidly_tests...","timestamp":"2021-07-18T06:37:59.226Z"}
{"level":"info","message":"listening on port 3000","timestamp":"2021-07-18T06:39:59.253Z"}
{"level":"info","message":"listening on port 3000","timestamp":"2021-07-18T06:39:59.347Z"}
{"level":"info","message":"Connect To mongodb://localhost/vidly_tests...","timestamp":"2021-07-18T06:40:01.353Z"}
{"level":"info","message":"Connect To mongodb://localhost/vidly_tests...","timestamp":"2021-07-18T06:40:01.434Z"}
{"level":"info","message":"listening on port 3000","timestamp":"2021-07-18T06:43:55.202Z"}
{"level":"info","message":"Connect To mongodb://localhost/vidly_tests...","timestamp":"2021-07-18T06:43:57.262Z"}
{"level":"info","message":"Connect To mongodb://localhost/vidly_tests...","timestamp":"2021-07-18T06:43:57.276Z"}
{"level":"info","message":"listening on port 3000","timestamp":"2021-07-18T06:43:59.322Z"}
{"level":"info","message":"listening on port 3000","timestamp":"2021-07-18T06:44:03.196Z"}
{"level":"info","message":"listening on port 3000","timestamp":"2021-07-18T06:44:06.950Z"}
{"level":"info","message":"listening on port 3000","timestamp":"2021-07-18T06:44:14.518Z"}
{"level":"info","message":"listening on port 3000","timestamp":"2021-07-18T06:44:14.646Z"}
{"level":"info","message":"Connect To mongodb://localhost/vidly_tests...","timestamp":"2021-07-18T06:44:16.602Z"}
{"level":"info","message":"Connect To mongodb://localhost/vidly_tests...","timestamp":"2021-07-18T06:44:16.745Z"}
{"level":"info","message":"listening on port 3000","timestamp":"2021-07-18T06:44:26.742Z"}
{"level":"info","message":"listening on port 3000","timestamp":"2021-07-18T06:44:26.855Z"}
{"level":"info","message":"Connect To mongodb://localhost/vidly_tests...","timestamp":"2021-07-18T06:44:28.826Z"}
{"level":"info","message":"Connect To mongodb://localhost/vidly_tests...","timestamp":"2021-07-18T06:44:28.944Z"}
{"level":"info","message":"listening on port 3000","timestamp":"2021-07-18T06:44:34.061Z"}
{"level":"info","message":"listening on port 3000","timestamp":"2021-07-18T06:44:34.157Z"}
{"level":"info","message":"Connect To mongodb://localhost/vidly_tests...","timestamp":"2021-07-18T06:44:36.116Z"}
{"level":"info","message":"Connect To mongodb://localhost/vidly_tests...","timestamp":"2021-07-18T06:44:36.229Z"}
{"level":"info","message":"listening on port 3000","timestamp":"2021-07-18T06:45:21.459Z"}
{"level":"info","message":"listening on port 3000","timestamp":"2021-07-18T06:45:24.659Z"}
{"level":"info","message":"listening on port 3000","timestamp":"2021-07-18T06:45:24.772Z"}
{"level":"info","message":"Connect To mongodb://localhost/vidly_tests...","timestamp":"2021-07-18T06:45:26.720Z"}
{"level":"info","message":"Connect To mongodb://localhost/vidly_tests...","timestamp":"2021-07-18T06:45:26.836Z"}
{"level":"info","message":"listening on port 3000","timestamp":"2021-07-18T06:45:34.275Z"}
{"level":"info","message":"listening on port 3000","timestamp":"2021-07-18T06:45:34.385Z"}
{"level":"info","message":"Connect To mongodb://localhost/vidly_tests...","timestamp":"2021-07-18T06:45:36.354Z"}
{"level":"info","message":"Connect To mongodb://localhost/vidly_tests...","timestamp":"2021-07-18T06:45:36.475Z"}
{"level":"info","message":"listening on port 3000","timestamp":"2021-07-18T06:47:36.281Z"}
{"level":"info","message":"listening on port 3000","timestamp":"2021-07-18T06:47:36.334Z"}
{"level":"info","message":"Connect To mongodb://localhost/vidly_tests...","timestamp":"2021-07-18T06:47:38.355Z"}
{"level":"info","message":"Connect To mongodb://localhost/vidly_tests...","timestamp":"2021-07-18T06:47:38.427Z"}
{"level":"info","message":"listening on port 3000","timestamp":"2021-07-18T06:47:45.633Z"}
{"level":"info","message":"listening on port 3000","timestamp":"2021-07-18T06:47:45.723Z"}
{"level":"info","message":"Connect To mongodb://localhost/vidly_tests...","timestamp":"2021-07-18T06:47:47.707Z"}
{"level":"info","message":"Connect To mongodb://localhost/vidly_tests...","timestamp":"2021-07-18T06:47:47.782Z"}
{"level":"info","message":"listening on port 3000","timestamp":"2021-07-18T06:47:55.891Z"}
{"level":"info","message":"listening on port 3000","timestamp":"2021-07-18T06:47:55.967Z"}
{"level":"info","message":"Connect To mongodb://localhost/vidly_tests...","timestamp":"2021-07-18T06:47:57.966Z"}
{"level":"info","message":"Connect To mongodb://localhost/vidly_tests...","timestamp":"2021-07-18T06:47:58.013Z"}
{"level":"info","message":"listening on port 3000","timestamp":"2021-07-18T06:48:03.403Z"}
{"level":"info","message":"listening on port 3000","timestamp":"2021-07-18T06:48:03.452Z"}
{"level":"info","message":"Connect To mongodb://localhost/vidly_tests...","timestamp":"2021-07-18T06:48:05.485Z"}
{"level":"info","message":"Connect To mongodb://localhost/vidly_tests...","timestamp":"2021-07-18T06:48:05.514Z"}
{"level":"info","message":"listening on port 3000","timestamp":"2021-07-18T06:48:10.431Z"}
{"level":"info","message":"listening on port 3000","timestamp":"2021-07-18T06:48:10.505Z"}
{"level":"info","message":"Connect To mongodb://localhost/vidly_tests...","timestamp":"2021-07-18T06:48:12.501Z"}
{"level":"info","message":"Connect To mongodb://localhost/vidly_tests...","timestamp":"2021-07-18T06:48:12.538Z"}
{"level":"info","message":"listening on port 3000","timestamp":"2021-07-18T06:48:18.224Z"}
{"level":"info","message":"listening on port 3000","timestamp":"2021-07-18T06:48:18.311Z"}
{"level":"info","message":"Connect To mongodb://localhost/vidly_tests...","timestamp":"2021-07-18T06:48:20.259Z"}
{"level":"info","message":"Connect To mongodb://localhost/vidly_tests...","timestamp":"2021-07-18T06:48:20.369Z"}
{"level":"info","message":"listening on port 3000","timestamp":"2021-07-18T06:48:28.217Z"}
{"level":"info","message":"listening on port 3000","timestamp":"2021-07-18T06:48:28.310Z"}
{"level":"info","message":"Connect To mongodb://localhost/vidly_tests...","timestamp":"2021-07-18T06:48:30.286Z"}
{"level":"info","message":"Connect To mongodb://localhost/vidly_tests...","timestamp":"2021-07-18T06:48:30.387Z"}
{"level":"info","message":"listening on port 3000","timestamp":"2021-07-18T06:49:07.212Z"}
{"level":"info","message":"listening on port 3000","timestamp":"2021-07-18T06:49:07.276Z"}
{"level":"info","message":"Connect To mongodb://localhost/vidly_tests...","timestamp":"2021-07-18T06:49:09.292Z"}
{"level":"info","message":"Connect To mongodb://localhost/vidly_tests...","timestamp":"2021-07-18T06:49:09.321Z"}
{"level":"info","message":"listening on port 3000","timestamp":"2021-07-18T06:49:36.479Z"}
{"level":"info","message":"Connect To mongodb://localhost/vidly_tests...","timestamp":"2021-07-18T06:49:38.577Z"}
{"level":"info","message":"Connect To mongodb://localhost/vidly_tests...","timestamp":"2021-07-18T06:49:38.588Z"}
{"level":"info","message":"listening on port 3000","timestamp":"2021-07-18T06:49:40.671Z"}
{"level":"info","message":"listening on port 3000","timestamp":"2021-07-18T06:50:32.088Z"}
{"level":"info","message":"listening on port 3000","timestamp":"2021-07-18T06:50:43.013Z"}
{"level":"info","message":"listening on port 3000","timestamp":"2021-07-18T06:55:35.155Z"}
{"level":"info","message":"listening on port 3000","timestamp":"2021-07-18T07:13:52.483Z"}
{"level":"info","message":"Connect To mongodb://localhost/vidly...","timestamp":"2021-07-18T07:13:54.568Z"}
